# JRE version: OpenJDK Runtime Environment (8.0_242-b01) (build 1.8.0_242-release-1644-b01)
# Java VM: OpenJDK 64-Bit Server VM (25.242-b01 mixed mode windows-amd64 compressed oops)
Heap:
 PSYoungGen      total 142848K, used 86431K [0x00000000d5580000, 0x00000000dee80000, 0x0000000100000000)
  eden space 131584K, 65% used [0x00000000d5580000,0x00000000da9e7ee0,0x00000000dd600000)
  from space 11264K, 0% used [0x00000000de200000,0x00000000de200000,0x00000000ded00000)
  to   space 12288K, 0% used [0x00000000dd600000,0x00000000dd600000,0x00000000de200000)
 ParOldGen       total 69120K, used 16607K [0x0000000080000000, 0x0000000084380000, 0x00000000d5580000)
  object space 69120K, 24% used [0x0000000080000000,0x0000000081037e20,0x0000000084380000)
 Metaspace       used 36610K, capacity 38114K, committed 38440K, reserved 1083392K
  class space    used 5035K, capacity 5326K, committed 5424K, reserved 1048576K
GC Heap History (10 events):
Event: 6.641 GC heap before
{Heap before GC invocations=8 (full 0):
 PSYoungGen      total 56320K, used 13402K [0x00000000d5580000, 0x00000000dc580000, 0x0000000100000000)
  eden space 48128K, 11% used [0x00000000d5580000,0x00000000d5aeb100,0x00000000d8480000)
  from space 8192K, 95% used [0x00000000d8480000,0x00000000d8c2b7d8,0x00000000d8c80000)
  to   space 9216K, 0% used [0x00000000dbc80000,0x00000000dbc80000,0x00000000dc580000)
 ParOldGen       total 65536K, used 6115K [0x0000000080000000, 0x0000000084000000, 0x00000000d5580000)
  object space 65536K, 9% used [0x0000000080000000,0x00000000805f8eb0,0x0000000084000000)
 Metaspace       used 20595K, capacity 21224K, committed 21296K, reserved 1067008K
  class space    used 2877K, capacity 3076K, committed 3120K, reserved 1048576K
Event: 6.649 GC heap after
Heap after GC invocations=8 (full 0):
 PSYoungGen      total 105472K, used 3156K [0x00000000d5580000, 0x00000000dc580000, 0x0000000100000000)
  eden space 96256K, 0% used [0x00000000d5580000,0x00000000d5580000,0x00000000db380000)
  from space 9216K, 34% used [0x00000000dbc80000,0x00000000dbf95040,0x00000000dc580000)
  to   space 9216K, 0% used [0x00000000db380000,0x00000000db380000,0x00000000dbc80000)
 ParOldGen       total 65536K, used 7612K [0x0000000080000000, 0x0000000084000000, 0x00000000d5580000)
  object space 65536K, 11% used [0x0000000080000000,0x000000008076f2a8,0x0000000084000000)
 Metaspace       used 20595K, capacity 21224K, committed 21296K, reserved 1067008K
  class space    used 2877K, capacity 3076K, committed 3120K, reserved 1048576K
}
Event: 6.649 GC heap before
{Heap before GC invocations=9 (full 1):
 PSYoungGen      total 105472K, used 3156K [0x00000000d5580000, 0x00000000dc580000, 0x0000000100000000)
  eden space 96256K, 0% used [0x00000000d5580000,0x00000000d5580000,0x00000000db380000)
  from space 9216K, 34% used [0x00000000dbc80000,0x00000000dbf95040,0x00000000dc580000)
  to   space 9216K, 0% used [0x00000000db380000,0x00000000db380000,0x00000000dbc80000)
 ParOldGen       total 65536K, used 7612K [0x0000000080000000, 0x0000000084000000, 0x00000000d5580000)
  object space 65536K, 11% used [0x0000000080000000,0x000000008076f2a8,0x0000000084000000)
 Metaspace       used 20595K, capacity 21224K, committed 21296K, reserved 1067008K
  class space    used 2877K, capacity 3076K, committed 3120K, reserved 1048576K
Event: 6.702 GC heap after
Heap after GC invocations=9 (full 1):
 PSYoungGen      total 105472K, used 0K [0x00000000d5580000, 0x00000000dc580000, 0x0000000100000000)
  eden space 96256K, 0% used [0x00000000d5580000,0x00000000d5580000,0x00000000db380000)
  from space 9216K, 0% used [0x00000000dbc80000,0x00000000dbc80000,0x00000000dc580000)
  to   space 9216K, 0% used [0x00000000db380000,0x00000000db380000,0x00000000dbc80000)
 ParOldGen       total 43520K, used 6870K [0x0000000080000000, 0x0000000082a80000, 0x00000000d5580000)
  object space 43520K, 15% used [0x0000000080000000,0x00000000806b59d0,0x0000000082a80000)
 Metaspace       used 20595K, capacity 21224K, committed 21296K, reserved 1067008K
  class space    used 2877K, capacity 3076K, committed 3120K, reserved 1048576K
}
Event: 9.717 GC heap before
{Heap before GC invocations=10 (full 1):
 PSYoungGen      total 105472K, used 96256K [0x00000000d5580000, 0x00000000dc580000, 0x0000000100000000)
  eden space 96256K, 100% used [0x00000000d5580000,0x00000000db380000,0x00000000db380000)
  from space 9216K, 0% used [0x00000000dbc80000,0x00000000dbc80000,0x00000000dc580000)
  to   space 9216K, 0% used [0x00000000db380000,0x00000000db380000,0x00000000dbc80000)
 ParOldGen       total 43520K, used 6870K [0x0000000080000000, 0x0000000082a80000, 0x00000000d5580000)
  object space 43520K, 15% used [0x0000000080000000,0x00000000806b59d0,0x0000000082a80000)
 Metaspace       used 31065K, capacity 32008K, committed 32176K, reserved 1077248K
  class space    used 4202K, capacity 4433K, committed 4528K, reserved 1048576K
Event: 9.734 GC heap after
Heap after GC invocations=10 (full 1):
 PSYoungGen      total 105472K, used 9201K [0x00000000d5580000, 0x00000000ded00000, 0x0000000100000000)
  eden space 96256K, 0% used [0x00000000d5580000,0x00000000d5580000,0x00000000db380000)
  from space 9216K, 99% used [0x00000000db380000,0x00000000dbc7c770,0x00000000dbc80000)
  to   space 11264K, 0% used [0x00000000de200000,0x00000000de200000,0x00000000ded00000)
 ParOldGen       total 43520K, used 8771K [0x0000000080000000, 0x0000000082a80000, 0x00000000d5580000)
  object space 43520K, 20% used [0x0000000080000000,0x0000000080890e88,0x0000000082a80000)
 Metaspace       used 31065K, capacity 32008K, committed 32176K, reserved 1077248K
  class space    used 4202K, capacity 4433K, committed 4528K, reserved 1048576K
}
Event: 11.151 GC heap before
{Heap before GC invocations=11 (full 1):
 PSYoungGen      total 105472K, used 79730K [0x00000000d5580000, 0x00000000ded00000, 0x0000000100000000)
  eden space 96256K, 73% used [0x00000000d5580000,0x00000000d9a600f0,0x00000000db380000)
  from space 9216K, 99% used [0x00000000db380000,0x00000000dbc7c770,0x00000000dbc80000)
  to   space 11264K, 0% used [0x00000000de200000,0x00000000de200000,0x00000000ded00000)
 ParOldGen       total 43520K, used 8771K [0x0000000080000000, 0x0000000082a80000, 0x00000000d5580000)
  object space 43520K, 20% used [0x0000000080000000,0x0000000080890e88,0x0000000082a80000)
 Metaspace       used 34294K, capacity 35408K, committed 35496K, reserved 1079296K
  class space    used 4719K, capacity 5001K, committed 5040K, reserved 1048576K
Event: 11.166 GC heap after
Heap after GC invocations=11 (full 1):
 PSYoungGen      total 142848K, used 10280K [0x00000000d5580000, 0x00000000dee80000, 0x0000000100000000)
  eden space 131584K, 0% used [0x00000000d5580000,0x00000000d5580000,0x00000000dd600000)
  from space 11264K, 91% used [0x00000000de200000,0x00000000dec0a388,0x00000000ded00000)
  to   space 12288K, 0% used [0x00000000dd600000,0x00000000dd600000,0x00000000de200000)
 ParOldGen       total 43520K, used 8779K [0x0000000080000000, 0x0000000082a80000, 0x00000000d5580000)
  object space 43520K, 20% used [0x0000000080000000,0x0000000080892e88,0x0000000082a80000)
 Metaspace       used 34294K, capacity 35408K, committed 35496K, reserved 1079296K
  class space    used 4719K, capacity 5001K, committed 5040K, reserved 1048576K
}
Event: 11.166 GC heap before
{Heap before GC invocations=12 (full 2):
 PSYoungGen      total 142848K, used 10280K [0x00000000d5580000, 0x00000000dee80000, 0x0000000100000000)
  eden space 131584K, 0% used [0x00000000d5580000,0x00000000d5580000,0x00000000dd600000)
  from space 11264K, 91% used [0x00000000de200000,0x00000000dec0a388,0x00000000ded00000)
  to   space 12288K, 0% used [0x00000000dd600000,0x00000000dd600000,0x00000000de200000)
 ParOldGen       total 43520K, used 8779K [0x0000000080000000, 0x0000000082a80000, 0x00000000d5580000)
  object space 43520K, 20% used [0x0000000080000000,0x0000000080892e88,0x0000000082a80000)
 Metaspace       used 34294K, capacity 35408K, committed 35496K, reserved 1079296K
  class space    used 4719K, capacity 5001K, committed 5040K, reserved 1048576K
Event: 11.228 GC heap after
Heap after GC invocations=12 (full 2):
 PSYoungGen      total 142848K, used 0K [0x00000000d5580000, 0x00000000dee80000, 0x0000000100000000)
  eden space 131584K, 0% used [0x00000000d5580000,0x00000000d5580000,0x00000000dd600000)
  from space 11264K, 0% used [0x00000000de200000,0x00000000de200000,0x00000000ded00000)
  to   space 12288K, 0% used [0x00000000dd600000,0x00000000dd600000,0x00000000de200000)
 ParOldGen       total 69120K, used 16607K [0x0000000080000000, 0x0000000084380000, 0x00000000d5580000)
  object space 69120K, 24% used [0x0000000080000000,0x0000000081037e20,0x0000000084380000)
 Metaspace       used 34294K, capacity 35408K, committed 35496K, reserved 1079296K
  class space    used 4719K, capacity 5001K, committed 5040K, reserved 1048576K
}

